# JRE version: OpenJDK Runtime Environment (8.0_202-b03) (build 1.8.0_202-release-1483-b03)
# Java VM: OpenJDK 64-Bit Server VM (25.202-b03 mixed mode windows-amd64 compressed oops)
Heap:
 PSYoungGen      total 117760K, used 104423K [0x00000000e0000000, 0x00000000ea580000, 0x0000000100000000)
  eden space 107008K, 97% used [0x00000000e0000000,0x00000000e65f9e18,0x00000000e6880000)
  from space 10752K, 0% used [0x00000000e6880000,0x00000000e6880000,0x00000000e7300000)
  to   space 11776K, 0% used [0x00000000e9a00000,0x00000000e9a00000,0x00000000ea580000)
 ParOldGen       total 94208K, used 16929K [0x00000000a0000000, 0x00000000a5c00000, 0x00000000e0000000)
  object space 94208K, 17% used [0x00000000a0000000,0x00000000a10885f8,0x00000000a5c00000)
 Metaspace       used 44988K, capacity 45918K, committed 46296K, reserved 1089536K
  class space    used 6057K, capacity 6291K, committed 6400K, reserved 1048576K
GC Heap History (10 events):
Event: 2.352 GC heap before
{Heap before GC invocations=7 (full 1):
 PSYoungGen      total 76288K, used 6739K [0x00000000e0000000, 0x00000000e5500000, 0x0000000100000000)
  eden space 66560K, 0% used [0x00000000e0000000,0x00000000e0000000,0x00000000e4100000)
  from space 9728K, 69% used [0x00000000e4b80000,0x00000000e5214e58,0x00000000e5500000)
  to   space 10240K, 0% used [0x00000000e4100000,0x00000000e4100000,0x00000000e4b00000)
 ParOldGen       total 87552K, used 8629K [0x00000000a0000000, 0x00000000a5580000, 0x00000000e0000000)
  object space 87552K, 9% used [0x00000000a0000000,0x00000000a086d5b8,0x00000000a5580000)
 Metaspace       used 20761K, capacity 21104K, committed 21248K, reserved 1067008K
  class space    used 2917K, capacity 3062K, committed 3072K, reserved 1048576K
Event: 2.381 GC heap after
Heap after GC invocations=7 (full 1):
 PSYoungGen      total 76288K, used 0K [0x00000000e0000000, 0x00000000e5500000, 0x0000000100000000)
  eden space 66560K, 0% used [0x00000000e0000000,0x00000000e0000000,0x00000000e4100000)
  from space 9728K, 0% used [0x00000000e4b80000,0x00000000e4b80000,0x00000000e5500000)
  to   space 10240K, 0% used [0x00000000e4100000,0x00000000e4100000,0x00000000e4b00000)
 ParOldGen       total 60928K, used 10305K [0x00000000a0000000, 0x00000000a3b80000, 0x00000000e0000000)
  object space 60928K, 16% used [0x00000000a0000000,0x00000000a0a104d0,0x00000000a3b80000)
 Metaspace       used 20761K, capacity 21104K, committed 21248K, reserved 1067008K
  class space    used 2917K, capacity 3062K, committed 3072K, reserved 1048576K
}
Event: 3.113 GC heap before
{Heap before GC invocations=8 (full 1):
 PSYoungGen      total 76288K, used 66560K [0x00000000e0000000, 0x00000000e5500000, 0x0000000100000000)
  eden space 66560K, 100% used [0x00000000e0000000,0x00000000e4100000,0x00000000e4100000)
  from space 9728K, 0% used [0x00000000e4b80000,0x00000000e4b80000,0x00000000e5500000)
  to   space 10240K, 0% used [0x00000000e4100000,0x00000000e4100000,0x00000000e4b00000)
 ParOldGen       total 60928K, used 10305K [0x00000000a0000000, 0x00000000a3b80000, 0x00000000e0000000)
  object space 60928K, 16% used [0x00000000a0000000,0x00000000a0a104d0,0x00000000a3b80000)
 Metaspace       used 28652K, capacity 29104K, committed 29440K, reserved 1075200K
  class space    used 3860K, capacity 4011K, committed 4096K, reserved 1048576K
Event: 3.121 GC heap after
Heap after GC invocations=8 (full 1):
 PSYoungGen      total 76800K, used 7808K [0x00000000e0000000, 0x00000000e7d00000, 0x0000000100000000)
  eden space 66560K, 0% used [0x00000000e0000000,0x00000000e0000000,0x00000000e4100000)
  from space 10240K, 76% used [0x00000000e4100000,0x00000000e48a0128,0x00000000e4b00000)
  to   space 10240K, 0% used [0x00000000e7300000,0x00000000e7300000,0x00000000e7d00000)
 ParOldGen       total 60928K, used 10313K [0x00000000a0000000, 0x00000000a3b80000, 0x00000000e0000000)
  object space 60928K, 16% used [0x00000000a0000000,0x00000000a0a124d0,0x00000000a3b80000)
 Metaspace       used 28652K, capacity 29104K, committed 29440K, reserved 1075200K
  class space    used 3860K, capacity 4011K, committed 4096K, reserved 1048576K
}
Event: 3.553 GC heap before
{Heap before GC invocations=9 (full 1):
 PSYoungGen      total 76800K, used 74368K [0x00000000e0000000, 0x00000000e7d00000, 0x0000000100000000)
  eden space 66560K, 100% used [0x00000000e0000000,0x00000000e4100000,0x00000000e4100000)
  from space 10240K, 76% used [0x00000000e4100000,0x00000000e48a0128,0x00000000e4b00000)
  to   space 10240K, 0% used [0x00000000e7300000,0x00000000e7300000,0x00000000e7d00000)
 ParOldGen       total 60928K, used 10313K [0x00000000a0000000, 0x00000000a3b80000, 0x00000000e0000000)
  object space 60928K, 16% used [0x00000000a0000000,0x00000000a0a124d0,0x00000000a3b80000)
 Metaspace       used 31975K, capacity 32424K, committed 32768K, reserved 1077248K
  class space    used 4402K, capacity 4563K, committed 4608K, reserved 1048576K
Event: 3.560 GC heap after
Heap after GC invocations=9 (full 1):
 PSYoungGen      total 117248K, used 8549K [0x00000000e0000000, 0x00000000e7d80000, 0x0000000100000000)
  eden space 107008K, 0% used [0x00000000e0000000,0x00000000e0000000,0x00000000e6880000)
  from space 10240K, 83% used [0x00000000e7300000,0x00000000e7b59428,0x00000000e7d00000)
  to   space 10752K, 0% used [0x00000000e6880000,0x00000000e6880000,0x00000000e7300000)
 ParOldGen       total 60928K, used 10321K [0x00000000a0000000, 0x00000000a3b80000, 0x00000000e0000000)
  object space 60928K, 16% used [0x00000000a0000000,0x00000000a0a144d0,0x00000000a3b80000)
 Metaspace       used 31975K, capacity 32424K, committed 32768K, reserved 1077248K
  class space    used 4402K, capacity 4563K, committed 4608K, reserved 1048576K
}
Event: 4.073 GC heap before
{Heap before GC invocations=10 (full 1):
 PSYoungGen      total 117248K, used 59388K [0x00000000e0000000, 0x00000000e7d80000, 0x0000000100000000)
  eden space 107008K, 47% used [0x00000000e0000000,0x00000000e31a5d90,0x00000000e6880000)
  from space 10240K, 83% used [0x00000000e7300000,0x00000000e7b59428,0x00000000e7d00000)
  to   space 10752K, 0% used [0x00000000e6880000,0x00000000e6880000,0x00000000e7300000)
 ParOldGen       total 60928K, used 10321K [0x00000000a0000000, 0x00000000a3b80000, 0x00000000e0000000)
  object space 60928K, 16% used [0x00000000a0000000,0x00000000a0a144d0,0x00000000a3b80000)
 Metaspace       used 34609K, capacity 35250K, committed 35416K, reserved 1079296K
  class space    used 4748K, capacity 4936K, committed 4992K, reserved 1048576K
Event: 4.082 GC heap after
Heap after GC invocations=10 (full 1):
 PSYoungGen      total 117760K, used 10313K [0x00000000e0000000, 0x00000000ea580000, 0x0000000100000000)
  eden space 107008K, 0% used [0x00000000e0000000,0x00000000e0000000,0x00000000e6880000)
  from space 10752K, 95% used [0x00000000e6880000,0x00000000e72924e0,0x00000000e7300000)
  to   space 11776K, 0% used [0x00000000e9a00000,0x00000000e9a00000,0x00000000ea580000)
 ParOldGen       total 60928K, used 10329K [0x00000000a0000000, 0x00000000a3b80000, 0x00000000e0000000)
  object space 60928K, 16% used [0x00000000a0000000,0x00000000a0a164d0,0x00000000a3b80000)
 Metaspace       used 34609K, capacity 35250K, committed 35416K, reserved 1079296K
  class space    used 4748K, capacity 4936K, committed 4992K, reserved 1048576K
}
Event: 4.082 GC heap before
{Heap before GC invocations=11 (full 2):
 PSYoungGen      total 117760K, used 10313K [0x00000000e0000000, 0x00000000ea580000, 0x0000000100000000)
  eden space 107008K, 0% used [0x00000000e0000000,0x00000000e0000000,0x00000000e6880000)
  from space 10752K, 95% used [0x00000000e6880000,0x00000000e72924e0,0x00000000e7300000)
  to   space 11776K, 0% used [0x00000000e9a00000,0x00000000e9a00000,0x00000000ea580000)
 ParOldGen       total 60928K, used 10329K [0x00000000a0000000, 0x00000000a3b80000, 0x00000000e0000000)
  object space 60928K, 16% used [0x00000000a0000000,0x00000000a0a164d0,0x00000000a3b80000)
 Metaspace       used 34609K, capacity 35250K, committed 35416K, reserved 1079296K
  class space    used 4748K, capacity 4936K, committed 4992K, reserved 1048576K
Event: 4.153 GC heap after
Heap after GC invocations=11 (full 2):
 PSYoungGen      total 117760K, used 0K [0x00000000e0000000, 0x00000000ea580000, 0x0000000100000000)
  eden space 107008K, 0% used [0x00000000e0000000,0x00000000e0000000,0x00000000e6880000)
  from space 10752K, 0% used [0x00000000e6880000,0x00000000e6880000,0x00000000e7300000)
  to   space 11776K, 0% used [0x00000000e9a00000,0x00000000e9a00000,0x00000000ea580000)
 ParOldGen       total 94208K, used 16929K [0x00000000a0000000, 0x00000000a5c00000, 0x00000000e0000000)
  object space 94208K, 17% used [0x00000000a0000000,0x00000000a10885f8,0x00000000a5c00000)
 Metaspace       used 34603K, capacity 35232K, committed 35416K, reserved 1079296K
  class space    used 4747K, capacity 4933K, committed 4992K, reserved 1048576K
}

