# JRE version: OpenJDK Runtime Environment (8.0_202-b03) (build 1.8.0_202-release-1483-b03)
# Java VM: OpenJDK 64-Bit Server VM (25.202-b03 mixed mode windows-amd64 compressed oops)
Heap:
 PSYoungGen      total 113664K, used 10384K [0x00000000e0000000, 0x00000000e9e00000, 0x0000000100000000)
  eden space 102400K, 0% used [0x00000000e0000000,0x00000000e0000000,0x00000000e6400000)
  from space 11264K, 92% used [0x00000000e6400000,0x00000000e6e24190,0x00000000e6f00000)
  to   space 12288K, 0% used [0x00000000e9200000,0x00000000e9200000,0x00000000e9e00000)
 ParOldGen       total 60416K, used 8736K [0x00000000a0000000, 0x00000000a3b00000, 0x00000000e0000000)
  object space 60416K, 14% used [0x00000000a0000000,0x00000000a0888210,0x00000000a3b00000)
 Metaspace       used 34770K, capacity 35480K, committed 35496K, reserved 1079296K
  class space    used 4818K, capacity 5024K, committed 5032K, reserved 1048576K
GC Heap History (10 events):
Event: 2.520 GC heap after
Heap after GC invocations=6 (full 0):
 PSYoungGen      total 76288K, used 7309K [0x00000000e0000000, 0x00000000e5500000, 0x0000000100000000)
  eden space 66560K, 0% used [0x00000000e0000000,0x00000000e0000000,0x00000000e4100000)
  from space 9728K, 75% used [0x00000000e4b80000,0x00000000e52a3690,0x00000000e5500000)
  to   space 10240K, 0% used [0x00000000e4100000,0x00000000e4100000,0x00000000e4b00000)
 ParOldGen       total 87552K, used 8812K [0x00000000a0000000, 0x00000000a5580000, 0x00000000e0000000)
  object space 87552K, 10% used [0x00000000a0000000,0x00000000a089b0f8,0x00000000a5580000)
 Metaspace       used 20665K, capacity 21144K, committed 21296K, reserved 1067008K
  class space    used 2965K, capacity 3121K, committed 3200K, reserved 1048576K
}
Event: 2.520 GC heap before
{Heap before GC invocations=7 (full 1):
 PSYoungGen      total 76288K, used 7309K [0x00000000e0000000, 0x00000000e5500000, 0x0000000100000000)
  eden space 66560K, 0% used [0x00000000e0000000,0x00000000e0000000,0x00000000e4100000)
  from space 9728K, 75% used [0x00000000e4b80000,0x00000000e52a3690,0x00000000e5500000)
  to   space 10240K, 0% used [0x00000000e4100000,0x00000000e4100000,0x00000000e4b00000)
 ParOldGen       total 87552K, used 8812K [0x00000000a0000000, 0x00000000a5580000, 0x00000000e0000000)
  object space 87552K, 10% used [0x00000000a0000000,0x00000000a089b0f8,0x00000000a5580000)
 Metaspace       used 20665K, capacity 21144K, committed 21296K, reserved 1067008K
  class space    used 2965K, capacity 3121K, committed 3200K, reserved 1048576K
Event: 2.553 GC heap after
Heap after GC invocations=7 (full 1):
 PSYoungGen      total 76288K, used 0K [0x00000000e0000000, 0x00000000e5500000, 0x0000000100000000)
  eden space 66560K, 0% used [0x00000000e0000000,0x00000000e0000000,0x00000000e4100000)
  from space 9728K, 0% used [0x00000000e4b80000,0x00000000e4b80000,0x00000000e5500000)
  to   space 10240K, 0% used [0x00000000e4100000,0x00000000e4100000,0x00000000e4b00000)
 ParOldGen       total 60416K, used 8712K [0x00000000a0000000, 0x00000000a3b00000, 0x00000000e0000000)
  object space 60416K, 14% used [0x00000000a0000000,0x00000000a0882210,0x00000000a3b00000)
 Metaspace       used 20665K, capacity 21144K, committed 21296K, reserved 1067008K
  class space    used 2965K, capacity 3121K, committed 3200K, reserved 1048576K
}
Event: 3.239 GC heap before
{Heap before GC invocations=8 (full 1):
 PSYoungGen      total 76288K, used 66560K [0x00000000e0000000, 0x00000000e5500000, 0x0000000100000000)
  eden space 66560K, 100% used [0x00000000e0000000,0x00000000e4100000,0x00000000e4100000)
  from space 9728K, 0% used [0x00000000e4b80000,0x00000000e4b80000,0x00000000e5500000)
  to   space 10240K, 0% used [0x00000000e4100000,0x00000000e4100000,0x00000000e4b00000)
 ParOldGen       total 60416K, used 8712K [0x00000000a0000000, 0x00000000a3b00000, 0x00000000e0000000)
  object space 60416K, 14% used [0x00000000a0000000,0x00000000a0882210,0x00000000a3b00000)
 Metaspace       used 28315K, capacity 28864K, committed 28928K, reserved 1075200K
  class space    used 3914K, capacity 4091K, committed 4096K, reserved 1048576K
Event: 3.246 GC heap after
Heap after GC invocations=8 (full 1):
 PSYoungGen      total 76800K, used 7699K [0x00000000e0000000, 0x00000000e7a80000, 0x0000000100000000)
  eden space 66560K, 0% used [0x00000000e0000000,0x00000000e0000000,0x00000000e4100000)
  from space 10240K, 75% used [0x00000000e4100000,0x00000000e4884ef0,0x00000000e4b00000)
  to   space 10752K, 0% used [0x00000000e7000000,0x00000000e7000000,0x00000000e7a80000)
 ParOldGen       total 60416K, used 8720K [0x00000000a0000000, 0x00000000a3b00000, 0x00000000e0000000)
  object space 60416K, 14% used [0x00000000a0000000,0x00000000a0884210,0x00000000a3b00000)
 Metaspace       used 28315K, capacity 28864K, committed 28928K, reserved 1075200K
  class space    used 3914K, capacity 4091K, committed 4096K, reserved 1048576K
}
Event: 3.883 GC heap before
{Heap before GC invocations=9 (full 1):
 PSYoungGen      total 76800K, used 74259K [0x00000000e0000000, 0x00000000e7a80000, 0x0000000100000000)
  eden space 66560K, 100% used [0x00000000e0000000,0x00000000e4100000,0x00000000e4100000)
  from space 10240K, 75% used [0x00000000e4100000,0x00000000e4884ef0,0x00000000e4b00000)
  to   space 10752K, 0% used [0x00000000e7000000,0x00000000e7000000,0x00000000e7a80000)
 ParOldGen       total 60416K, used 8720K [0x00000000a0000000, 0x00000000a3b00000, 0x00000000e0000000)
  object space 60416K, 14% used [0x00000000a0000000,0x00000000a0884210,0x00000000a3b00000)
 Metaspace       used 32574K, capacity 33274K, committed 33408K, reserved 1077248K
  class space    used 4459K, capacity 4678K, committed 4736K, reserved 1048576K
Event: 3.890 GC heap after
Heap after GC invocations=9 (full 1):
 PSYoungGen      total 112640K, used 9347K [0x00000000e0000000, 0x00000000e7a00000, 0x0000000100000000)
  eden space 102400K, 0% used [0x00000000e0000000,0x00000000e0000000,0x00000000e6400000)
  from space 10240K, 91% used [0x00000000e7000000,0x00000000e7920d48,0x00000000e7a00000)
  to   space 11264K, 0% used [0x00000000e6400000,0x00000000e6400000,0x00000000e6f00000)
 ParOldGen       total 60416K, used 8728K [0x00000000a0000000, 0x00000000a3b00000, 0x00000000e0000000)
  object space 60416K, 14% used [0x00000000a0000000,0x00000000a0886210,0x00000000a3b00000)
 Metaspace       used 32574K, capacity 33274K, committed 33408K, reserved 1077248K
  class space    used 4459K, capacity 4678K, committed 4736K, reserved 1048576K
}
Event: 4.275 GC heap before
{Heap before GC invocations=10 (full 1):
 PSYoungGen      total 112640K, used 57326K [0x00000000e0000000, 0x00000000e7a00000, 0x0000000100000000)
  eden space 102400K, 46% used [0x00000000e0000000,0x00000000e2edab70,0x00000000e6400000)
  from space 10240K, 91% used [0x00000000e7000000,0x00000000e7920d48,0x00000000e7a00000)
  to   space 11264K, 0% used [0x00000000e6400000,0x00000000e6400000,0x00000000e6f00000)
 ParOldGen       total 60416K, used 8728K [0x00000000a0000000, 0x00000000a3b00000, 0x00000000e0000000)
  object space 60416K, 14% used [0x00000000a0000000,0x00000000a0886210,0x00000000a3b00000)
 Metaspace       used 34770K, capacity 35480K, committed 35496K, reserved 1079296K
  class space    used 4818K, capacity 5024K, committed 5032K, reserved 1048576K
Event: 4.284 GC heap after
Heap after GC invocations=10 (full 1):
 PSYoungGen      total 113664K, used 10384K [0x00000000e0000000, 0x00000000e9e00000, 0x0000000100000000)
  eden space 102400K, 0% used [0x00000000e0000000,0x00000000e0000000,0x00000000e6400000)
  from space 11264K, 92% used [0x00000000e6400000,0x00000000e6e24190,0x00000000e6f00000)
  to   space 12288K, 0% used [0x00000000e9200000,0x00000000e9200000,0x00000000e9e00000)
 ParOldGen       total 60416K, used 8736K [0x00000000a0000000, 0x00000000a3b00000, 0x00000000e0000000)
  object space 60416K, 14% used [0x00000000a0000000,0x00000000a0888210,0x00000000a3b00000)
 Metaspace       used 34770K, capacity 35480K, committed 35496K, reserved 1079296K
  class space    used 4818K, capacity 5024K, committed 5032K, reserved 1048576K
}
Event: 4.284 GC heap before
{Heap before GC invocations=11 (full 2):
 PSYoungGen      total 113664K, used 10384K [0x00000000e0000000, 0x00000000e9e00000, 0x0000000100000000)
  eden space 102400K, 0% used [0x00000000e0000000,0x00000000e0000000,0x00000000e6400000)
  from space 11264K, 92% used [0x00000000e6400000,0x00000000e6e24190,0x00000000e6f00000)
  to   space 12288K, 0% used [0x00000000e9200000,0x00000000e9200000,0x00000000e9e00000)
 ParOldGen       total 60416K, used 8736K [0x00000000a0000000, 0x00000000a3b00000, 0x00000000e0000000)
  object space 60416K, 14% used [0x00000000a0000000,0x00000000a0888210,0x00000000a3b00000)
 Metaspace       used 34770K, capacity 35480K, committed 35496K, reserved 1079296K
  class space    used 4818K, capacity 5024K, committed 5032K, reserved 1048576K

