# JRE version: OpenJDK Runtime Environment (8.0_202-b03) (build 1.8.0_202-release-1483-b03)
# Java VM: OpenJDK 64-Bit Server VM (25.202-b03 mixed mode windows-amd64 compressed oops)
Heap:
 PSYoungGen      total 76800K, used 35847K [0x00000000e0000000, 0x00000000e7a80000, 0x0000000100000000)
  eden space 66560K, 42% used [0x00000000e0000000,0x00000000e1b834a8,0x00000000e4100000)
  from space 10240K, 74% used [0x00000000e4100000,0x00000000e487e810,0x00000000e4b00000)
  to   space 10240K, 0% used [0x00000000e7080000,0x00000000e7080000,0x00000000e7a80000)
 ParOldGen       total 60416K, used 8720K [0x00000000a0000000, 0x00000000a3b00000, 0x00000000e0000000)
  object space 60416K, 14% used [0x00000000a0000000,0x00000000a0884108,0x00000000a3b00000)
 Metaspace       used 30040K, capacity 30584K, committed 30848K, reserved 1075200K
  class space    used 4187K, capacity 4363K, committed 4480K, reserved 1048576K
GC Heap History (10 events):
Event: 1.942 GC heap before
{Heap before GC invocations=4 (full 0):
 PSYoungGen      total 38400K, used 38368K [0x00000000e0000000, 0x00000000e2a80000, 0x0000000100000000)
  eden space 33280K, 100% used [0x00000000e0000000,0x00000000e2080000,0x00000000e2080000)
  from space 5120K, 99% used [0x00000000e2080000,0x00000000e2578040,0x00000000e2580000)
  to   space 5120K, 0% used [0x00000000e2580000,0x00000000e2580000,0x00000000e2a80000)
 ParOldGen       total 87552K, used 1865K [0x00000000a0000000, 0x00000000a5580000, 0x00000000e0000000)
  object space 87552K, 2% used [0x00000000a0000000,0x00000000a01d2628,0x00000000a5580000)
 Metaspace       used 16227K, capacity 16664K, committed 16896K, reserved 1062912K
  class space    used 2310K, capacity 2454K, committed 2560K, reserved 1048576K
Event: 1.951 GC heap after
Heap after GC invocations=4 (full 0):
 PSYoungGen      total 38400K, used 5120K [0x00000000e0000000, 0x00000000e4b00000, 0x0000000100000000)
  eden space 33280K, 0% used [0x00000000e0000000,0x00000000e0000000,0x00000000e2080000)
  from space 5120K, 100% used [0x00000000e2580000,0x00000000e2a80000,0x00000000e2a80000)
  to   space 5120K, 0% used [0x00000000e2080000,0x00000000e2080000,0x00000000e2580000)
 ParOldGen       total 87552K, used 4990K [0x00000000a0000000, 0x00000000a5580000, 0x00000000e0000000)
  object space 87552K, 5% used [0x00000000a0000000,0x00000000a04dfb58,0x00000000a5580000)
 Metaspace       used 16227K, capacity 16664K, committed 16896K, reserved 1062912K
  class space    used 2310K, capacity 2454K, committed 2560K, reserved 1048576K
}
Event: 2.295 GC heap before
{Heap before GC invocations=5 (full 0):
 PSYoungGen      total 38400K, used 38400K [0x00000000e0000000, 0x00000000e4b00000, 0x0000000100000000)
  eden space 33280K, 100% used [0x00000000e0000000,0x00000000e2080000,0x00000000e2080000)
  from space 5120K, 100% used [0x00000000e2580000,0x00000000e2a80000,0x00000000e2a80000)
  to   space 5120K, 0% used [0x00000000e2080000,0x00000000e2080000,0x00000000e2580000)
 ParOldGen       total 87552K, used 4990K [0x00000000a0000000, 0x00000000a5580000, 0x00000000e0000000)
  object space 87552K, 5% used [0x00000000a0000000,0x00000000a04dfb58,0x00000000a5580000)
 Metaspace       used 19014K, capacity 19558K, committed 19712K, reserved 1067008K
  class space    used 2768K, capacity 2957K, committed 3072K, reserved 1048576K
Event: 2.301 GC heap after
Heap after GC invocations=5 (full 0):
 PSYoungGen      total 38400K, used 5088K [0x00000000e0000000, 0x00000000e5600000, 0x0000000100000000)
  eden space 33280K, 0% used [0x00000000e0000000,0x00000000e0000000,0x00000000e2080000)
  from space 5120K, 99% used [0x00000000e2080000,0x00000000e2578030,0x00000000e2580000)
  to   space 10752K, 0% used [0x00000000e4b80000,0x00000000e4b80000,0x00000000e5600000)
 ParOldGen       total 87552K, used 8750K [0x00000000a0000000, 0x00000000a5580000, 0x00000000e0000000)
  object space 87552K, 9% used [0x00000000a0000000,0x00000000a088bb08,0x00000000a5580000)
 Metaspace       used 19014K, capacity 19558K, committed 19712K, reserved 1067008K
  class space    used 2768K, capacity 2957K, committed 3072K, reserved 1048576K
}
Event: 2.421 GC heap before
{Heap before GC invocations=6 (full 0):
 PSYoungGen      total 38400K, used 17366K [0x00000000e0000000, 0x00000000e5600000, 0x0000000100000000)
  eden space 33280K, 36% used [0x00000000e0000000,0x00000000e0bfd908,0x00000000e2080000)
  from space 5120K, 99% used [0x00000000e2080000,0x00000000e2578030,0x00000000e2580000)
  to   space 10752K, 0% used [0x00000000e4b80000,0x00000000e4b80000,0x00000000e5600000)
 ParOldGen       total 87552K, used 8750K [0x00000000a0000000, 0x00000000a5580000, 0x00000000e0000000)
  object space 87552K, 9% used [0x00000000a0000000,0x00000000a088bb08,0x00000000a5580000)
 Metaspace       used 20659K, capacity 21140K, committed 21296K, reserved 1067008K
  class space    used 2965K, capacity 3121K, committed 3200K, reserved 1048576K
Event: 2.426 GC heap after
Heap after GC invocations=6 (full 0):
 PSYoungGen      total 76288K, used 7240K [0x00000000e0000000, 0x00000000e5500000, 0x0000000100000000)
  eden space 66560K, 0% used [0x00000000e0000000,0x00000000e0000000,0x00000000e4100000)
  from space 9728K, 74% used [0x00000000e4b80000,0x00000000e5292320,0x00000000e5500000)
  to   space 10240K, 0% used [0x00000000e4100000,0x00000000e4100000,0x00000000e4b00000)
 ParOldGen       total 87552K, used 8758K [0x00000000a0000000, 0x00000000a5580000, 0x00000000e0000000)
  object space 87552K, 10% used [0x00000000a0000000,0x00000000a088db08,0x00000000a5580000)
 Metaspace       used 20659K, capacity 21140K, committed 21296K, reserved 1067008K
  class space    used 2965K, capacity 3121K, committed 3200K, reserved 1048576K
}
Event: 2.426 GC heap before
{Heap before GC invocations=7 (full 1):
 PSYoungGen      total 76288K, used 7240K [0x00000000e0000000, 0x00000000e5500000, 0x0000000100000000)
  eden space 66560K, 0% used [0x00000000e0000000,0x00000000e0000000,0x00000000e4100000)
  from space 9728K, 74% used [0x00000000e4b80000,0x00000000e5292320,0x00000000e5500000)
  to   space 10240K, 0% used [0x00000000e4100000,0x00000000e4100000,0x00000000e4b00000)
 ParOldGen       total 87552K, used 8758K [0x00000000a0000000, 0x00000000a5580000, 0x00000000e0000000)
  object space 87552K, 10% used [0x00000000a0000000,0x00000000a088db08,0x00000000a5580000)
 Metaspace       used 20659K, capacity 21140K, committed 21296K, reserved 1067008K
  class space    used 2965K, capacity 3121K, committed 3200K, reserved 1048576K
Event: 2.456 GC heap after
Heap after GC invocations=7 (full 1):
 PSYoungGen      total 76288K, used 0K [0x00000000e0000000, 0x00000000e5500000, 0x0000000100000000)
  eden space 66560K, 0% used [0x00000000e0000000,0x00000000e0000000,0x00000000e4100000)
  from space 9728K, 0% used [0x00000000e4b80000,0x00000000e4b80000,0x00000000e5500000)
  to   space 10240K, 0% used [0x00000000e4100000,0x00000000e4100000,0x00000000e4b00000)
 ParOldGen       total 60416K, used 8712K [0x00000000a0000000, 0x00000000a3b00000, 0x00000000e0000000)
  object space 60416K, 14% used [0x00000000a0000000,0x00000000a0882108,0x00000000a3b00000)
 Metaspace       used 20659K, capacity 21140K, committed 21296K, reserved 1067008K
  class space    used 2965K, capacity 3121K, committed 3200K, reserved 1048576K
}
Event: 3.077 GC heap before
{Heap before GC invocations=8 (full 1):
 PSYoungGen      total 76288K, used 66560K [0x00000000e0000000, 0x00000000e5500000, 0x0000000100000000)
  eden space 66560K, 100% used [0x00000000e0000000,0x00000000e4100000,0x00000000e4100000)
  from space 9728K, 0% used [0x00000000e4b80000,0x00000000e4b80000,0x00000000e5500000)
  to   space 10240K, 0% used [0x00000000e4100000,0x00000000e4100000,0x00000000e4b00000)
 ParOldGen       total 60416K, used 8712K [0x00000000a0000000, 0x00000000a3b00000, 0x00000000e0000000)
  object space 60416K, 14% used [0x00000000a0000000,0x00000000a0882108,0x00000000a3b00000)
 Metaspace       used 28328K, capacity 28860K, committed 28928K, reserved 1075200K
  class space    used 3919K, capacity 4091K, committed 4096K, reserved 1048576K
Event: 3.083 GC heap after
Heap after GC invocations=8 (full 1):
 PSYoungGen      total 76800K, used 7674K [0x00000000e0000000, 0x00000000e7a80000, 0x0000000100000000)
  eden space 66560K, 0% used [0x00000000e0000000,0x00000000e0000000,0x00000000e4100000)
  from space 10240K, 74% used [0x00000000e4100000,0x00000000e487e810,0x00000000e4b00000)
  to   space 10240K, 0% used [0x00000000e7080000,0x00000000e7080000,0x00000000e7a80000)
 ParOldGen       total 60416K, used 8720K [0x00000000a0000000, 0x00000000a3b00000, 0x00000000e0000000)
  object space 60416K, 14% used [0x00000000a0000000,0x00000000a0884108,0x00000000a3b00000)
 Metaspace       used 28328K, capacity 28860K, committed 28928K, reserved 1075200K
  class space    used 3919K, capacity 4091K, committed 4096K, reserved 1048576K
}

