# JRE version: OpenJDK Runtime Environment (8.0_202-b03) (build 1.8.0_202-release-1483-b03)
# Java VM: OpenJDK 64-Bit Server VM (25.202-b03 mixed mode windows-amd64 compressed oops)
Heap:
 PSYoungGen      total 135680K, used 59754K [0x00000000e0000000, 0x00000000ea900000, 0x0000000100000000)
  eden space 122368K, 37% used [0x00000000e0000000,0x00000000e2d5e430,0x00000000e7780000)
  from space 13312K, 99% used [0x00000000e7780000,0x00000000e847c6f0,0x00000000e8480000)
  to   space 17408K, 0% used [0x00000000e9800000,0x00000000e9800000,0x00000000ea900000)
 ParOldGen       total 105984K, used 24303K [0x00000000a0000000, 0x00000000a6780000, 0x00000000e0000000)
  object space 105984K, 22% used [0x00000000a0000000,0x00000000a17bbe80,0x00000000a6780000)
 Metaspace       used 55776K, capacity 57460K, committed 57768K, reserved 1099776K
  class space    used 7584K, capacity 8004K, committed 8104K, reserved 1048576K
GC Heap History (10 events):
Event: 3.786 GC heap before
{Heap before GC invocations=9 (full 1):
 PSYoungGen      total 77312K, used 74190K [0x00000000e0000000, 0x00000000e7300000, 0x0000000100000000)
  eden space 66560K, 100% used [0x00000000e0000000,0x00000000e4100000,0x00000000e4100000)
  from space 10752K, 70% used [0x00000000e4100000,0x00000000e4873868,0x00000000e4b80000)
  to   space 10240K, 0% used [0x00000000e6900000,0x00000000e6900000,0x00000000e7300000)
 ParOldGen       total 66560K, used 11006K [0x00000000a0000000, 0x00000000a4100000, 0x00000000e0000000)
  object space 66560K, 16% used [0x00000000a0000000,0x00000000a0abfa28,0x00000000a4100000)
 Metaspace       used 32578K, capacity 33270K, committed 33408K, reserved 1077248K
  class space    used 4463K, capacity 4678K, committed 4736K, reserved 1048576K
Event: 3.794 GC heap after
Heap after GC invocations=9 (full 1):
 PSYoungGen      total 106496K, used 9365K [0x00000000e0000000, 0x00000000e7400000, 0x0000000100000000)
  eden space 96256K, 0% used [0x00000000e0000000,0x00000000e0000000,0x00000000e5e00000)
  from space 10240K, 91% used [0x00000000e6900000,0x00000000e7225510,0x00000000e7300000)
  to   space 11264K, 0% used [0x00000000e5e00000,0x00000000e5e00000,0x00000000e6900000)
 ParOldGen       total 66560K, used 11014K [0x00000000a0000000, 0x00000000a4100000, 0x00000000e0000000)
  object space 66560K, 16% used [0x00000000a0000000,0x00000000a0ac1a28,0x00000000a4100000)
 Metaspace       used 32578K, capacity 33270K, committed 33408K, reserved 1077248K
  class space    used 4463K, capacity 4678K, committed 4736K, reserved 1048576K
}
Event: 4.171 GC heap before
{Heap before GC invocations=10 (full 1):
 PSYoungGen      total 106496K, used 59883K [0x00000000e0000000, 0x00000000e7400000, 0x0000000100000000)
  eden space 96256K, 52% used [0x00000000e0000000,0x00000000e3155790,0x00000000e5e00000)
  from space 10240K, 91% used [0x00000000e6900000,0x00000000e7225510,0x00000000e7300000)
  to   space 11264K, 0% used [0x00000000e5e00000,0x00000000e5e00000,0x00000000e6900000)
 ParOldGen       total 66560K, used 11014K [0x00000000a0000000, 0x00000000a4100000, 0x00000000e0000000)
  object space 66560K, 16% used [0x00000000a0000000,0x00000000a0ac1a28,0x00000000a4100000)
 Metaspace       used 34816K, capacity 35490K, committed 35496K, reserved 1079296K
  class space    used 4826K, capacity 5029K, committed 5032K, reserved 1048576K
Event: 4.180 GC heap after
Heap after GC invocations=10 (full 1):
 PSYoungGen      total 107520K, used 10408K [0x00000000e0000000, 0x00000000e9180000, 0x0000000100000000)
  eden space 96256K, 0% used [0x00000000e0000000,0x00000000e0000000,0x00000000e5e00000)
  from space 11264K, 92% used [0x00000000e5e00000,0x00000000e682a230,0x00000000e6900000)
  to   space 12288K, 0% used [0x00000000e8580000,0x00000000e8580000,0x00000000e9180000)
 ParOldGen       total 66560K, used 11022K [0x00000000a0000000, 0x00000000a4100000, 0x00000000e0000000)
  object space 66560K, 16% used [0x00000000a0000000,0x00000000a0ac3a28,0x00000000a4100000)
 Metaspace       used 34816K, capacity 35490K, committed 35496K, reserved 1079296K
  class space    used 4826K, capacity 5029K, committed 5032K, reserved 1048576K
}
Event: 4.180 GC heap before
{Heap before GC invocations=11 (full 2):
 PSYoungGen      total 107520K, used 10408K [0x00000000e0000000, 0x00000000e9180000, 0x0000000100000000)
  eden space 96256K, 0% used [0x00000000e0000000,0x00000000e0000000,0x00000000e5e00000)
  from space 11264K, 92% used [0x00000000e5e00000,0x00000000e682a230,0x00000000e6900000)
  to   space 12288K, 0% used [0x00000000e8580000,0x00000000e8580000,0x00000000e9180000)
 ParOldGen       total 66560K, used 11022K [0x00000000a0000000, 0x00000000a4100000, 0x00000000e0000000)
  object space 66560K, 16% used [0x00000000a0000000,0x00000000a0ac3a28,0x00000000a4100000)
 Metaspace       used 34816K, capacity 35490K, committed 35496K, reserved 1079296K
  class space    used 4826K, capacity 5029K, committed 5032K, reserved 1048576K
Event: 4.258 GC heap after
Heap after GC invocations=11 (full 2):
 PSYoungGen      total 107520K, used 0K [0x00000000e0000000, 0x00000000e9180000, 0x0000000100000000)
  eden space 96256K, 0% used [0x00000000e0000000,0x00000000e0000000,0x00000000e5e00000)
  from space 11264K, 0% used [0x00000000e5e00000,0x00000000e5e00000,0x00000000e6900000)
  to   space 12288K, 0% used [0x00000000e8580000,0x00000000e8580000,0x00000000e9180000)
 ParOldGen       total 105984K, used 17472K [0x00000000a0000000, 0x00000000a6780000, 0x00000000e0000000)
  object space 105984K, 16% used [0x00000000a0000000,0x00000000a1110260,0x00000000a6780000)
 Metaspace       used 34816K, capacity 35490K, committed 35496K, reserved 1079296K
  class space    used 4826K, capacity 5029K, committed 5032K, reserved 1048576K
}
Event: 5.242 GC heap before
{Heap before GC invocations=12 (full 2):
 PSYoungGen      total 107520K, used 96256K [0x00000000e0000000, 0x00000000e9180000, 0x0000000100000000)
  eden space 96256K, 100% used [0x00000000e0000000,0x00000000e5e00000,0x00000000e5e00000)
  from space 11264K, 0% used [0x00000000e5e00000,0x00000000e5e00000,0x00000000e6900000)
  to   space 12288K, 0% used [0x00000000e8580000,0x00000000e8580000,0x00000000e9180000)
 ParOldGen       total 105984K, used 17472K [0x00000000a0000000, 0x00000000a6780000, 0x00000000e0000000)
  object space 105984K, 16% used [0x00000000a0000000,0x00000000a1110260,0x00000000a6780000)
 Metaspace       used 43878K, capacity 44924K, committed 45224K, reserved 1087488K
  class space    used 5961K, capacity 6226K, committed 6312K, reserved 1048576K
Event: 5.254 GC heap after
Heap after GC invocations=12 (full 2):
 PSYoungGen      total 128000K, used 12269K [0x00000000e0000000, 0x00000000e9180000, 0x0000000100000000)
  eden space 115712K, 0% used [0x00000000e0000000,0x00000000e0000000,0x00000000e7100000)
  from space 12288K, 99% used [0x00000000e8580000,0x00000000e917b688,0x00000000e9180000)
  to   space 13312K, 0% used [0x00000000e7780000,0x00000000e7780000,0x00000000e8480000)
 ParOldGen       total 105984K, used 17535K [0x00000000a0000000, 0x00000000a6780000, 0x00000000e0000000)
  object space 105984K, 16% used [0x00000000a0000000,0x00000000a111ffb8,0x00000000a6780000)
 Metaspace       used 43878K, capacity 44924K, committed 45224K, reserved 1087488K
  class space    used 5961K, capacity 6226K, committed 6312K, reserved 1048576K
}
Event: 6.267 GC heap before
{Heap before GC invocations=13 (full 2):
 PSYoungGen      total 128000K, used 127981K [0x00000000e0000000, 0x00000000e9180000, 0x0000000100000000)
  eden space 115712K, 100% used [0x00000000e0000000,0x00000000e7100000,0x00000000e7100000)
  from space 12288K, 99% used [0x00000000e8580000,0x00000000e917b688,0x00000000e9180000)
  to   space 13312K, 0% used [0x00000000e7780000,0x00000000e7780000,0x00000000e8480000)
 ParOldGen       total 105984K, used 17535K [0x00000000a0000000, 0x00000000a6780000, 0x00000000e0000000)
  object space 105984K, 16% used [0x00000000a0000000,0x00000000a111ffb8,0x00000000a6780000)
 Metaspace       used 52939K, capacity 54544K, committed 54824K, reserved 1095680K
  class space    used 7197K, capacity 7637K, committed 7720K, reserved 1048576K
Event: 6.281 GC heap after
Heap after GC invocations=13 (full 2):
 PSYoungGen      total 135680K, used 13297K [0x00000000e0000000, 0x00000000ea900000, 0x0000000100000000)
  eden space 122368K, 0% used [0x00000000e0000000,0x00000000e0000000,0x00000000e7780000)
  from space 13312K, 99% used [0x00000000e7780000,0x00000000e847c6f0,0x00000000e8480000)
  to   space 17408K, 0% used [0x00000000e9800000,0x00000000e9800000,0x00000000ea900000)
 ParOldGen       total 105984K, used 24303K [0x00000000a0000000, 0x00000000a6780000, 0x00000000e0000000)
  object space 105984K, 22% used [0x00000000a0000000,0x00000000a17bbe80,0x00000000a6780000)
 Metaspace       used 52939K, capacity 54544K, committed 54824K, reserved 1095680K
  class space    used 7197K, capacity 7637K, committed 7720K, reserved 1048576K
}

