# JRE version: OpenJDK Runtime Environment (8.0_202-b03) (build 1.8.0_202-release-1483-b03)
# Java VM: OpenJDK 64-Bit Server VM (25.202-b03 mixed mode windows-amd64 compressed oops)
Heap:
 PSYoungGen      total 166400K, used 512K [0x00000000e0000000, 0x00000000ec000000, 0x0000000100000000)
  eden space 153088K, 0% used [0x00000000e0000000,0x00000000e0000000,0x00000000e9580000)
  from space 13312K, 3% used [0x00000000ea300000,0x00000000ea380000,0x00000000eb000000)
  to   space 13824K, 0% used [0x00000000e9580000,0x00000000e9580000,0x00000000ea300000)
 ParOldGen       total 79872K, used 34727K [0x00000000a0000000, 0x00000000a4e00000, 0x00000000e0000000)
  object space 79872K, 43% used [0x00000000a0000000,0x00000000a21e9d48,0x00000000a4e00000)
 Metaspace       used 57288K, capacity 58936K, committed 59028K, reserved 1099776K
  class space    used 7753K, capacity 8147K, committed 8192K, reserved 1048576K
GC Heap History (10 events):
Event: 16.555 GC heap after
Heap after GC invocations=12 (full 2):
 PSYoungGen      total 94720K, used 0K [0x00000000e0000000, 0x00000000e6900000, 0x0000000100000000)
  eden space 84480K, 0% used [0x00000000e0000000,0x00000000e0000000,0x00000000e5280000)
  from space 10240K, 0% used [0x00000000e5c80000,0x00000000e5c80000,0x00000000e6680000)
  to   space 10240K, 0% used [0x00000000e5280000,0x00000000e5280000,0x00000000e5c80000)
 ParOldGen       total 79872K, used 17325K [0x00000000a0000000, 0x00000000a4e00000, 0x00000000e0000000)
  object space 79872K, 21% used [0x00000000a0000000,0x00000000a10eb658,0x00000000a4e00000)
 Metaspace       used 34561K, capacity 35176K, committed 35416K, reserved 1079296K
  class space    used 4744K, capacity 4933K, committed 4992K, reserved 1048576K
}
Event: 17.361 GC heap before
{Heap before GC invocations=13 (full 2):
 PSYoungGen      total 94720K, used 84364K [0x00000000e0000000, 0x00000000e6900000, 0x0000000100000000)
  eden space 84480K, 99% used [0x00000000e0000000,0x00000000e5263250,0x00000000e5280000)
  from space 10240K, 0% used [0x00000000e5c80000,0x00000000e5c80000,0x00000000e6680000)
  to   space 10240K, 0% used [0x00000000e5280000,0x00000000e5280000,0x00000000e5c80000)
 ParOldGen       total 79872K, used 17325K [0x00000000a0000000, 0x00000000a4e00000, 0x00000000e0000000)
  object space 79872K, 21% used [0x00000000a0000000,0x00000000a10eb658,0x00000000a4e00000)
 Metaspace       used 43886K, capacity 44664K, committed 45016K, reserved 1087488K
  class space    used 5916K, capacity 6134K, committed 6144K, reserved 1048576K
Event: 17.384 GC heap after
Heap after GC invocations=13 (full 2):
 PSYoungGen      total 94720K, used 10239K [0x00000000e0000000, 0x00000000e8780000, 0x0000000100000000)
  eden space 84480K, 0% used [0x00000000e0000000,0x00000000e0000000,0x00000000e5280000)
  from space 10240K, 99% used [0x00000000e5280000,0x00000000e5c7fd68,0x00000000e5c80000)
  to   space 11776K, 0% used [0x00000000e7c00000,0x00000000e7c00000,0x00000000e8780000)
 ParOldGen       total 79872K, used 19174K [0x00000000a0000000, 0x00000000a4e00000, 0x00000000e0000000)
  object space 79872K, 24% used [0x00000000a0000000,0x00000000a12b99f8,0x00000000a4e00000)
 Metaspace       used 43886K, capacity 44664K, committed 45016K, reserved 1087488K
  class space    used 5916K, capacity 6134K, committed 6144K, reserved 1048576K
}
Event: 18.123 GC heap before
{Heap before GC invocations=14 (full 2):
 PSYoungGen      total 94720K, used 94719K [0x00000000e0000000, 0x00000000e8780000, 0x0000000100000000)
  eden space 84480K, 100% used [0x00000000e0000000,0x00000000e5280000,0x00000000e5280000)
  from space 10240K, 99% used [0x00000000e5280000,0x00000000e5c7fd68,0x00000000e5c80000)
  to   space 11776K, 0% used [0x00000000e7c00000,0x00000000e7c00000,0x00000000e8780000)
 ParOldGen       total 79872K, used 19174K [0x00000000a0000000, 0x00000000a4e00000, 0x00000000e0000000)
  object space 79872K, 24% used [0x00000000a0000000,0x00000000a12b99f8,0x00000000a4e00000)
 Metaspace       used 50010K, capacity 51166K, committed 51288K, reserved 1093632K
  class space    used 6734K, capacity 7010K, committed 7040K, reserved 1048576K
Event: 18.133 GC heap after
Heap after GC invocations=14 (full 2):
 PSYoungGen      total 126464K, used 9495K [0x00000000e0000000, 0x00000000e8800000, 0x0000000100000000)
  eden space 114688K, 0% used [0x00000000e0000000,0x00000000e0000000,0x00000000e7000000)
  from space 11776K, 80% used [0x00000000e7c00000,0x00000000e8545c68,0x00000000e8780000)
  to   space 12288K, 0% used [0x00000000e7000000,0x00000000e7000000,0x00000000e7c00000)
 ParOldGen       total 79872K, used 24353K [0x00000000a0000000, 0x00000000a4e00000, 0x00000000e0000000)
  object space 79872K, 30% used [0x00000000a0000000,0x00000000a17c87e0,0x00000000a4e00000)
 Metaspace       used 50010K, capacity 51166K, committed 51288K, reserved 1093632K
  class space    used 6734K, capacity 7010K, committed 7040K, reserved 1048576K
}
Event: 19.550 GC heap before
{Heap before GC invocations=15 (full 2):
 PSYoungGen      total 126464K, used 124183K [0x00000000e0000000, 0x00000000e8800000, 0x0000000100000000)
  eden space 114688K, 100% used [0x00000000e0000000,0x00000000e7000000,0x00000000e7000000)
  from space 11776K, 80% used [0x00000000e7c00000,0x00000000e8545c68,0x00000000e8780000)
  to   space 12288K, 0% used [0x00000000e7000000,0x00000000e7000000,0x00000000e7c00000)
 ParOldGen       total 79872K, used 24353K [0x00000000a0000000, 0x00000000a4e00000, 0x00000000e0000000)
  object space 79872K, 30% used [0x00000000a0000000,0x00000000a17c87e0,0x00000000a4e00000)
 Metaspace       used 57211K, capacity 58872K, committed 59028K, reserved 1099776K
  class space    used 7742K, capacity 8147K, committed 8192K, reserved 1048576K
Event: 19.564 GC heap after
Heap after GC invocations=15 (full 2):
 PSYoungGen      total 126976K, used 10716K [0x00000000e0000000, 0x00000000eb000000, 0x0000000100000000)
  eden space 114688K, 0% used [0x00000000e0000000,0x00000000e0000000,0x00000000e7000000)
  from space 12288K, 87% used [0x00000000e7000000,0x00000000e7a771f8,0x00000000e7c00000)
  to   space 13312K, 0% used [0x00000000ea300000,0x00000000ea300000,0x00000000eb000000)
 ParOldGen       total 79872K, used 28664K [0x00000000a0000000, 0x00000000a4e00000, 0x00000000e0000000)
  object space 79872K, 35% used [0x00000000a0000000,0x00000000a1bfe050,0x00000000a4e00000)
 Metaspace       used 57211K, capacity 58872K, committed 59028K, reserved 1099776K
  class space    used 7742K, capacity 8147K, committed 8192K, reserved 1048576K
}
Event: 19.634 GC heap before
{Heap before GC invocations=16 (full 2):
 PSYoungGen      total 126976K, used 19581K [0x00000000e0000000, 0x00000000eb000000, 0x0000000100000000)
  eden space 114688K, 7% used [0x00000000e0000000,0x00000000e08a83a0,0x00000000e7000000)
  from space 12288K, 87% used [0x00000000e7000000,0x00000000e7a771f8,0x00000000e7c00000)
  to   space 13312K, 0% used [0x00000000ea300000,0x00000000ea300000,0x00000000eb000000)
 ParOldGen       total 79872K, used 28664K [0x00000000a0000000, 0x00000000a4e00000, 0x00000000e0000000)
  object space 79872K, 35% used [0x00000000a0000000,0x00000000a1bfe050,0x00000000a4e00000)
 Metaspace       used 57288K, capacity 58936K, committed 59028K, reserved 1099776K
  class space    used 7753K, capacity 8147K, committed 8192K, reserved 1048576K
Event: 19.645 GC heap after
Heap after GC invocations=16 (full 2):
 PSYoungGen      total 166400K, used 512K [0x00000000e0000000, 0x00000000ec000000, 0x0000000100000000)
  eden space 153088K, 0% used [0x00000000e0000000,0x00000000e0000000,0x00000000e9580000)
  from space 13312K, 3% used [0x00000000ea300000,0x00000000ea380000,0x00000000eb000000)
  to   space 13824K, 0% used [0x00000000e9580000,0x00000000e9580000,0x00000000ea300000)
 ParOldGen       total 79872K, used 34727K [0x00000000a0000000, 0x00000000a4e00000, 0x00000000e0000000)
  object space 79872K, 43% used [0x00000000a0000000,0x00000000a21e9d48,0x00000000a4e00000)
 Metaspace       used 57288K, capacity 58936K, committed 59028K, reserved 1099776K
  class space    used 7753K, capacity 8147K, committed 8192K, reserved 1048576K
}
Event: 19.645 GC heap before
{Heap before GC invocations=17 (full 3):
 PSYoungGen      total 166400K, used 512K [0x00000000e0000000, 0x00000000ec000000, 0x0000000100000000)
  eden space 153088K, 0% used [0x00000000e0000000,0x00000000e0000000,0x00000000e9580000)
  from space 13312K, 3% used [0x00000000ea300000,0x00000000ea380000,0x00000000eb000000)
  to   space 13824K, 0% used [0x00000000e9580000,0x00000000e9580000,0x00000000ea300000)
 ParOldGen       total 79872K, used 34727K [0x00000000a0000000, 0x00000000a4e00000, 0x00000000e0000000)
  object space 79872K, 43% used [0x00000000a0000000,0x00000000a21e9d48,0x00000000a4e00000)
 Metaspace       used 57288K, capacity 58936K, committed 59028K, reserved 1099776K
  class space    used 7753K, capacity 8147K, committed 8192K, reserved 1048576K

