# JRE version: OpenJDK Runtime Environment (8.0_202-b03) (build 1.8.0_202-release-1483-b03)
# Java VM: OpenJDK 64-Bit Server VM (25.202-b03 mixed mode windows-amd64 compressed oops)
Heap:
 PSYoungGen      total 329216K, used 133435K [0x00000000e0000000, 0x00000000f7280000, 0x0000000100000000)
  eden space 290304K, 40% used [0x00000000e0000000,0x00000000e73a7c18,0x00000000f1b80000)
  from space 38912K, 38% used [0x00000000f4c80000,0x00000000f5b27340,0x00000000f7280000)
  to   space 44544K, 0% used [0x00000000f1b80000,0x00000000f1b80000,0x00000000f4700000)
 ParOldGen       total 222720K, used 112373K [0x00000000a0000000, 0x00000000ad980000, 0x00000000e0000000)
  object space 222720K, 50% used [0x00000000a0000000,0x00000000a6dbd440,0x00000000ad980000)
 Metaspace       used 85500K, capacity 89808K, committed 89944K, reserved 1126400K
  class space    used 11213K, capacity 12033K, committed 12160K, reserved 1048576K
GC Heap History (10 events):
Event: 377.943 GC heap before
{Heap before GC invocations=24 (full 4):
 PSYoungGen      total 249344K, used 215992K [0x00000000e0000000, 0x00000000f4200000, 0x0000000100000000)
  eden space 203776K, 100% used [0x00000000e0000000,0x00000000ec700000,0x00000000ec700000)
  from space 45568K, 26% used [0x00000000ec700000,0x00000000ed2ee290,0x00000000ef380000)
  to   space 43520K, 0% used [0x00000000f1780000,0x00000000f1780000,0x00000000f4200000)
 ParOldGen       total 222720K, used 103362K [0x00000000a0000000, 0x00000000ad980000, 0x00000000e0000000)
  object space 222720K, 46% used [0x00000000a0000000,0x00000000a64f0990,0x00000000ad980000)
 Metaspace       used 82855K, capacity 86082K, committed 86360K, reserved 1124352K
  class space    used 10931K, capacity 11554K, committed 11648K, reserved 1048576K
Event: 377.957 GC heap after
Heap after GC invocations=24 (full 4):
 PSYoungGen      total 271872K, used 9851K [0x00000000e0000000, 0x00000000f3980000, 0x0000000100000000)
  eden space 237056K, 0% used [0x00000000e0000000,0x00000000e0000000,0x00000000ee780000)
  from space 34816K, 28% used [0x00000000f1780000,0x00000000f211ee48,0x00000000f3980000)
  to   space 41984K, 0% used [0x00000000ee780000,0x00000000ee780000,0x00000000f1080000)
 ParOldGen       total 222720K, used 103370K [0x00000000a0000000, 0x00000000ad980000, 0x00000000e0000000)
  object space 222720K, 46% used [0x00000000a0000000,0x00000000a64f2990,0x00000000ad980000)
 Metaspace       used 82855K, capacity 86082K, committed 86360K, reserved 1124352K
  class space    used 10931K, capacity 11554K, committed 11648K, reserved 1048576K
}
Event: 482.041 GC heap before
{Heap before GC invocations=25 (full 4):
 PSYoungGen      total 271872K, used 246907K [0x00000000e0000000, 0x00000000f3980000, 0x0000000100000000)
  eden space 237056K, 100% used [0x00000000e0000000,0x00000000ee780000,0x00000000ee780000)
  from space 34816K, 28% used [0x00000000f1780000,0x00000000f211ee48,0x00000000f3980000)
  to   space 41984K, 0% used [0x00000000ee780000,0x00000000ee780000,0x00000000f1080000)
 ParOldGen       total 222720K, used 103370K [0x00000000a0000000, 0x00000000ad980000, 0x00000000e0000000)
  object space 222720K, 46% used [0x00000000a0000000,0x00000000a64f2990,0x00000000ad980000)
 Metaspace       used 83286K, capacity 86648K, committed 86872K, reserved 1124352K
  class space    used 10964K, capacity 11615K, committed 11648K, reserved 1048576K
Event: 482.155 GC heap after
Heap after GC invocations=25 (full 4):
 PSYoungGen      total 279040K, used 9979K [0x00000000e0000000, 0x00000000f5680000, 0x0000000100000000)
  eden space 237056K, 0% used [0x00000000e0000000,0x00000000e0000000,0x00000000ee780000)
  from space 41984K, 23% used [0x00000000ee780000,0x00000000ef13ee48,0x00000000f1080000)
  to   space 40448K, 0% used [0x00000000f2f00000,0x00000000f2f00000,0x00000000f5680000)
 ParOldGen       total 222720K, used 103378K [0x00000000a0000000, 0x00000000ad980000, 0x00000000e0000000)
  object space 222720K, 46% used [0x00000000a0000000,0x00000000a64f4990,0x00000000ad980000)
 Metaspace       used 83286K, capacity 86648K, committed 86872K, reserved 1124352K
  class space    used 10964K, capacity 11615K, committed 11648K, reserved 1048576K
}
Event: 488.493 GC heap before
{Heap before GC invocations=26 (full 4):
 PSYoungGen      total 279040K, used 247035K [0x00000000e0000000, 0x00000000f5680000, 0x0000000100000000)
  eden space 237056K, 100% used [0x00000000e0000000,0x00000000ee780000,0x00000000ee780000)
  from space 41984K, 23% used [0x00000000ee780000,0x00000000ef13ee48,0x00000000f1080000)
  to   space 40448K, 0% used [0x00000000f2f00000,0x00000000f2f00000,0x00000000f5680000)
 ParOldGen       total 222720K, used 103378K [0x00000000a0000000, 0x00000000ad980000, 0x00000000e0000000)
  object space 222720K, 46% used [0x00000000a0000000,0x00000000a64f4990,0x00000000ad980000)
 Metaspace       used 83922K, capacity 87420K, committed 87768K, reserved 1126400K
  class space    used 10989K, capacity 11659K, committed 11776K, reserved 1048576K
Event: 488.578 GC heap after
Heap after GC invocations=26 (full 4):
 PSYoungGen      total 302080K, used 40416K [0x00000000e0000000, 0x00000000f6800000, 0x0000000100000000)
  eden space 261632K, 0% used [0x00000000e0000000,0x00000000e0000000,0x00000000eff80000)
  from space 40448K, 99% used [0x00000000f2f00000,0x00000000f5678020,0x00000000f5680000)
  to   space 48640K, 0% used [0x00000000eff80000,0x00000000eff80000,0x00000000f2f00000)
 ParOldGen       total 222720K, used 107165K [0x00000000a0000000, 0x00000000ad980000, 0x00000000e0000000)
  object space 222720K, 48% used [0x00000000a0000000,0x00000000a68a75b8,0x00000000ad980000)
 Metaspace       used 83922K, capacity 87420K, committed 87768K, reserved 1126400K
  class space    used 10989K, capacity 11659K, committed 11776K, reserved 1048576K
}
Event: 622.350 GC heap before
{Heap before GC invocations=27 (full 4):
 PSYoungGen      total 302080K, used 302048K [0x00000000e0000000, 0x00000000f6800000, 0x0000000100000000)
  eden space 261632K, 100% used [0x00000000e0000000,0x00000000eff80000,0x00000000eff80000)
  from space 40448K, 99% used [0x00000000f2f00000,0x00000000f5678020,0x00000000f5680000)
  to   space 48640K, 0% used [0x00000000eff80000,0x00000000eff80000,0x00000000f2f00000)
 ParOldGen       total 222720K, used 107165K [0x00000000a0000000, 0x00000000ad980000, 0x00000000e0000000)
  object space 222720K, 48% used [0x00000000a0000000,0x00000000a68a75b8,0x00000000ad980000)
 Metaspace       used 84689K, capacity 88614K, committed 88664K, reserved 1126400K
  class space    used 11082K, capacity 11866K, committed 11904K, reserved 1048576K
Event: 622.384 GC heap after
Heap after GC invocations=27 (full 4):
 PSYoungGen      total 310272K, used 6163K [0x00000000e0000000, 0x00000000f7b00000, 0x0000000100000000)
  eden space 261632K, 0% used [0x00000000e0000000,0x00000000e0000000,0x00000000eff80000)
  from space 48640K, 12% used [0x00000000eff80000,0x00000000f0584c18,0x00000000f2f00000)
  to   space 47616K, 0% used [0x00000000f4c80000,0x00000000f4c80000,0x00000000f7b00000)
 ParOldGen       total 222720K, used 112365K [0x00000000a0000000, 0x00000000ad980000, 0x00000000e0000000)
  object space 222720K, 50% used [0x00000000a0000000,0x00000000a6dbb440,0x00000000ad980000)
 Metaspace       used 84689K, capacity 88614K, committed 88664K, reserved 1126400K
  class space    used 11082K, capacity 11866K, committed 11904K, reserved 1048576K
}
Event: 624.535 GC heap before
{Heap before GC invocations=28 (full 4):
 PSYoungGen      total 310272K, used 267530K [0x00000000e0000000, 0x00000000f7b00000, 0x0000000100000000)
  eden space 261632K, 99% used [0x00000000e0000000,0x00000000eff3dd00,0x00000000eff80000)
  from space 48640K, 12% used [0x00000000eff80000,0x00000000f0584c18,0x00000000f2f00000)
  to   space 47616K, 0% used [0x00000000f4c80000,0x00000000f4c80000,0x00000000f7b00000)
 ParOldGen       total 222720K, used 112365K [0x00000000a0000000, 0x00000000ad980000, 0x00000000e0000000)
  object space 222720K, 50% used [0x00000000a0000000,0x00000000a6dbb440,0x00000000ad980000)
 Metaspace       used 84757K, capacity 88620K, committed 88664K, reserved 1126400K
  class space    used 11083K, capacity 11867K, committed 11904K, reserved 1048576K
Event: 624.545 GC heap after
Heap after GC invocations=28 (full 4):
 PSYoungGen      total 329216K, used 15004K [0x00000000e0000000, 0x00000000f7280000, 0x0000000100000000)
  eden space 290304K, 0% used [0x00000000e0000000,0x00000000e0000000,0x00000000f1b80000)
  from space 38912K, 38% used [0x00000000f4c80000,0x00000000f5b27340,0x00000000f7280000)
  to   space 44544K, 0% used [0x00000000f1b80000,0x00000000f1b80000,0x00000000f4700000)
 ParOldGen       total 222720K, used 112373K [0x00000000a0000000, 0x00000000ad980000, 0x00000000e0000000)
  object space 222720K, 50% used [0x00000000a0000000,0x00000000a6dbd440,0x00000000ad980000)
 Metaspace       used 84757K, capacity 88620K, committed 88664K, reserved 1126400K
  class space    used 11083K, capacity 11867K, committed 11904K, reserved 1048576K
}

