# JRE version: OpenJDK Runtime Environment (8.0_202-b03) (build 1.8.0_202-release-1483-b03)
# Java VM: OpenJDK 64-Bit Server VM (25.202-b03 mixed mode windows-amd64 compressed oops)
Heap:
 PSYoungGen      total 441344K, used 219026K [0x00000000e0000000, 0x0000000100000000, 0x0000000100000000)
  eden space 366592K, 47% used [0x00000000e0000000,0x00000000eab313b8,0x00000000f6600000)
  from space 74752K, 58% used [0x00000000f6600000,0x00000000f90b36c8,0x00000000faf00000)
  to   space 77312K, 0% used [0x00000000fb480000,0x00000000fb480000,0x0000000100000000)
 ParOldGen       total 314368K, used 205498K [0x00000000a0000000, 0x00000000b3300000, 0x00000000e0000000)
  object space 314368K, 65% used [0x00000000a0000000,0x00000000ac8ae9a8,0x00000000b3300000)
 Metaspace       used 228402K, capacity 243406K, committed 266072K, reserved 1275904K
  class space    used 28475K, capacity 31013K, committed 39040K, reserved 1048576K
GC Heap History (10 events):
Event: 20273.419 GC heap before
{Heap before GC invocations=143 (full 8):
 PSYoungGen      total 419328K, used 360175K [0x00000000e0000000, 0x00000000ff400000, 0x0000000100000000)
  eden space 338944K, 100% used [0x00000000e0000000,0x00000000f4b00000,0x00000000f4b00000)
  from space 80384K, 26% used [0x00000000fa580000,0x00000000fba3bf58,0x00000000ff400000)
  to   space 86528K, 0% used [0x00000000f4b00000,0x00000000f4b00000,0x00000000f9f80000)
 ParOldGen       total 314368K, used 182174K [0x00000000a0000000, 0x00000000b3300000, 0x00000000e0000000)
  object space 314368K, 57% used [0x00000000a0000000,0x00000000ab1e7878,0x00000000b3300000)
 Metaspace       used 227933K, capacity 242754K, committed 266072K, reserved 1275904K
  class space    used 28433K, capacity 30937K, committed 39040K, reserved 1048576K
Event: 20273.443 GC heap after
Heap after GC invocations=143 (full 8):
 PSYoungGen      total 344576K, used 16471K [0x00000000e0000000, 0x00000000fe100000, 0x0000000100000000)
  eden space 327680K, 0% used [0x00000000e0000000,0x00000000e0000000,0x00000000f4000000)
  from space 16896K, 97% used [0x00000000f4b00000,0x00000000f5b15d50,0x00000000f5b80000)
  to   space 82432K, 0% used [0x00000000f9080000,0x00000000f9080000,0x00000000fe100000)
 ParOldGen       total 314368K, used 182377K [0x00000000a0000000, 0x00000000b3300000, 0x00000000e0000000)
  object space 314368K, 58% used [0x00000000a0000000,0x00000000ab21a400,0x00000000b3300000)
 Metaspace       used 227933K, capacity 242754K, committed 266072K, reserved 1275904K
  class space    used 28433K, capacity 30937K, committed 39040K, reserved 1048576K
}
Event: 20273.927 GC heap before
{Heap before GC invocations=144 (full 8):
 PSYoungGen      total 344576K, used 344151K [0x00000000e0000000, 0x00000000fe100000, 0x0000000100000000)
  eden space 327680K, 100% used [0x00000000e0000000,0x00000000f4000000,0x00000000f4000000)
  from space 16896K, 97% used [0x00000000f4b00000,0x00000000f5b15d50,0x00000000f5b80000)
  to   space 82432K, 0% used [0x00000000f9080000,0x00000000f9080000,0x00000000fe100000)
 ParOldGen       total 314368K, used 182389K [0x00000000a0000000, 0x00000000b3300000, 0x00000000e0000000)
  object space 314368K, 58% used [0x00000000a0000000,0x00000000ab21d528,0x00000000b3300000)
 Metaspace       used 227941K, capacity 242754K, committed 266072K, reserved 1275904K
  class space    used 28433K, capacity 30937K, committed 39040K, reserved 1048576K
Event: 20273.943 GC heap after
Heap after GC invocations=144 (full 8):
 PSYoungGen      total 414720K, used 23120K [0x00000000e0000000, 0x0000000100000000, 0x0000000100000000)
  eden space 332288K, 0% used [0x00000000e0000000,0x00000000e0000000,0x00000000f4480000)
  from space 82432K, 28% used [0x00000000f9080000,0x00000000fa7141a0,0x00000000fe100000)
  to   space 77824K, 0% used [0x00000000f4480000,0x00000000f4480000,0x00000000f9080000)
 ParOldGen       total 314368K, used 182397K [0x00000000a0000000, 0x00000000b3300000, 0x00000000e0000000)
  object space 314368K, 58% used [0x00000000a0000000,0x00000000ab21f528,0x00000000b3300000)
 Metaspace       used 227941K, capacity 242754K, committed 266072K, reserved 1275904K
  class space    used 28433K, capacity 30937K, committed 39040K, reserved 1048576K
}
Event: 20273.944 GC heap before
{Heap before GC invocations=145 (full 8):
 PSYoungGen      total 414720K, used 26294K [0x00000000e0000000, 0x0000000100000000, 0x0000000100000000)
  eden space 332288K, 0% used [0x00000000e0000000,0x00000000e03196b8,0x00000000f4480000)
  from space 82432K, 28% used [0x00000000f9080000,0x00000000fa7141a0,0x00000000fe100000)
  to   space 77824K, 0% used [0x00000000f4480000,0x00000000f4480000,0x00000000f9080000)
 ParOldGen       total 314368K, used 182397K [0x00000000a0000000, 0x00000000b3300000, 0x00000000e0000000)
  object space 314368K, 58% used [0x00000000a0000000,0x00000000ab21f528,0x00000000b3300000)
 Metaspace       used 227942K, capacity 242754K, committed 266072K, reserved 1275904K
  class space    used 28433K, capacity 30937K, committed 39040K, reserved 1048576K
Event: 20273.968 GC heap after
Heap after GC invocations=145 (full 8):
 PSYoungGen      total 410112K, used 288K [0x00000000e0000000, 0x00000000ffa80000, 0x0000000100000000)
  eden space 332288K, 0% used [0x00000000e0000000,0x00000000e0000000,0x00000000f4480000)
  from space 77824K, 0% used [0x00000000f4480000,0x00000000f44c8000,0x00000000f9080000)
  to   space 77312K, 0% used [0x00000000faf00000,0x00000000faf00000,0x00000000ffa80000)
 ParOldGen       total 314368K, used 205300K [0x00000000a0000000, 0x00000000b3300000, 0x00000000e0000000)
  object space 314368K, 65% used [0x00000000a0000000,0x00000000ac87d088,0x00000000b3300000)
 Metaspace       used 227942K, capacity 242754K, committed 266072K, reserved 1275904K
  class space    used 28433K, capacity 30937K, committed 39040K, reserved 1048576K
}
Event: 20274.373 GC heap before
{Heap before GC invocations=146 (full 8):
 PSYoungGen      total 410112K, used 332576K [0x00000000e0000000, 0x00000000ffa80000, 0x0000000100000000)
  eden space 332288K, 100% used [0x00000000e0000000,0x00000000f4480000,0x00000000f4480000)
  from space 77824K, 0% used [0x00000000f4480000,0x00000000f44c8000,0x00000000f9080000)
  to   space 77312K, 0% used [0x00000000faf00000,0x00000000faf00000,0x00000000ffa80000)
 ParOldGen       total 314368K, used 205300K [0x00000000a0000000, 0x00000000b3300000, 0x00000000e0000000)
  object space 314368K, 65% used [0x00000000a0000000,0x00000000ac87d088,0x00000000b3300000)
 Metaspace       used 227959K, capacity 242754K, committed 266072K, reserved 1275904K
  class space    used 28434K, capacity 30937K, committed 39040K, reserved 1048576K
Event: 20274.381 GC heap after
Heap after GC invocations=146 (full 8):
 PSYoungGen      total 443904K, used 7676K [0x00000000e0000000, 0x00000000ffa80000, 0x0000000100000000)
  eden space 366592K, 0% used [0x00000000e0000000,0x00000000e0000000,0x00000000f6600000)
  from space 77312K, 9% used [0x00000000faf00000,0x00000000fb67f2e8,0x00000000ffa80000)
  to   space 74752K, 0% used [0x00000000f6600000,0x00000000f6600000,0x00000000faf00000)
 ParOldGen       total 314368K, used 205332K [0x00000000a0000000, 0x00000000b3300000, 0x00000000e0000000)
  object space 314368K, 65% used [0x00000000a0000000,0x00000000ac885098,0x00000000b3300000)
 Metaspace       used 227959K, capacity 242754K, committed 266072K, reserved 1275904K
  class space    used 28434K, capacity 30937K, committed 39040K, reserved 1048576K
}
Event: 20280.308 GC heap before
{Heap before GC invocations=147 (full 8):
 PSYoungGen      total 443904K, used 374268K [0x00000000e0000000, 0x00000000ffa80000, 0x0000000100000000)
  eden space 366592K, 100% used [0x00000000e0000000,0x00000000f6600000,0x00000000f6600000)
  from space 77312K, 9% used [0x00000000faf00000,0x00000000fb67f2e8,0x00000000ffa80000)
  to   space 74752K, 0% used [0x00000000f6600000,0x00000000f6600000,0x00000000faf00000)
 ParOldGen       total 314368K, used 205332K [0x00000000a0000000, 0x00000000b3300000, 0x00000000e0000000)
  object space 314368K, 65% used [0x00000000a0000000,0x00000000ac885098,0x00000000b3300000)
 Metaspace       used 228391K, capacity 243338K, committed 266072K, reserved 1275904K
  class space    used 28475K, capacity 31013K, committed 39040K, reserved 1048576K
Event: 20280.345 GC heap after
Heap after GC invocations=147 (full 8):
 PSYoungGen      total 441344K, used 43725K [0x00000000e0000000, 0x0000000100000000, 0x0000000100000000)
  eden space 366592K, 0% used [0x00000000e0000000,0x00000000e0000000,0x00000000f6600000)
  from space 74752K, 58% used [0x00000000f6600000,0x00000000f90b36c8,0x00000000faf00000)
  to   space 77312K, 0% used [0x00000000fb480000,0x00000000fb480000,0x0000000100000000)
 ParOldGen       total 314368K, used 205498K [0x00000000a0000000, 0x00000000b3300000, 0x00000000e0000000)
  object space 314368K, 65% used [0x00000000a0000000,0x00000000ac8ae9a8,0x00000000b3300000)
 Metaspace       used 228391K, capacity 243338K, committed 266072K, reserved 1275904K
  class space    used 28475K, capacity 31013K, committed 39040K, reserved 1048576K
}

