# JRE version: OpenJDK Runtime Environment (8.0_202-b03) (build 1.8.0_202-release-1483-b03)
# Java VM: OpenJDK 64-Bit Server VM (25.202-b03 mixed mode windows-amd64 compressed oops)
Heap:
 PSYoungGen      total 226304K, used 178858K [0x00000000e0000000, 0x00000000f2f80000, 0x0000000100000000)
  eden space 206336K, 77% used [0x00000000e0000000,0x00000000e9b318a8,0x00000000ec980000)
  from space 19968K, 99% used [0x00000000ef000000,0x00000000f0379090,0x00000000f0380000)
  to   space 39424K, 0% used [0x00000000ec980000,0x00000000ec980000,0x00000000ef000000)
 ParOldGen       total 125440K, used 73625K [0x00000000a0000000, 0x00000000a7a80000, 0x00000000e0000000)
  object space 125440K, 58% used [0x00000000a0000000,0x00000000a47e6610,0x00000000a7a80000)
 Metaspace       used 68115K, capacity 70762K, committed 70936K, reserved 1110016K
  class space    used 9378K, capacity 9936K, committed 10024K, reserved 1048576K
GC Heap History (10 events):
Event: 8.176 GC heap before
{Heap before GC invocations=13 (full 2):
 PSYoungGen      total 152576K, used 152561K [0x00000000e0000000, 0x00000000eb000000, 0x0000000100000000)
  eden space 140800K, 100% used [0x00000000e0000000,0x00000000e8980000,0x00000000e8980000)
  from space 11776K, 99% used [0x00000000ea480000,0x00000000eaffc718,0x00000000eb000000)
  to   space 14336K, 0% used [0x00000000e9400000,0x00000000e9400000,0x00000000ea200000)
 ParOldGen       total 87552K, used 19872K [0x00000000a0000000, 0x00000000a5580000, 0x00000000e0000000)
  object space 87552K, 22% used [0x00000000a0000000,0x00000000a1368108,0x00000000a5580000)
 Metaspace       used 56943K, capacity 58548K, committed 58920K, reserved 1099776K
  class space    used 7730K, capacity 8109K, committed 8232K, reserved 1048576K
Event: 8.200 GC heap after
Heap after GC invocations=13 (full 2):
 PSYoungGen      total 165888K, used 14331K [0x00000000e0000000, 0x00000000ed500000, 0x0000000100000000)
  eden space 151552K, 0% used [0x00000000e0000000,0x00000000e0000000,0x00000000e9400000)
  from space 14336K, 99% used [0x00000000e9400000,0x00000000ea1fed68,0x00000000ea200000)
  to   space 18944K, 0% used [0x00000000ec280000,0x00000000ec280000,0x00000000ed500000)
 ParOldGen       total 87552K, used 27715K [0x00000000a0000000, 0x00000000a5580000, 0x00000000e0000000)
  object space 87552K, 31% used [0x00000000a0000000,0x00000000a1b10f28,0x00000000a5580000)
 Metaspace       used 56943K, capacity 58548K, committed 58920K, reserved 1099776K
  class space    used 7730K, capacity 8109K, committed 8232K, reserved 1048576K
}
Event: 8.331 GC heap before
{Heap before GC invocations=14 (full 2):
 PSYoungGen      total 165888K, used 26122K [0x00000000e0000000, 0x00000000ed500000, 0x0000000100000000)
  eden space 151552K, 7% used [0x00000000e0000000,0x00000000e0b83aa8,0x00000000e9400000)
  from space 14336K, 99% used [0x00000000e9400000,0x00000000ea1fed68,0x00000000ea200000)
  to   space 18944K, 0% used [0x00000000ec280000,0x00000000ec280000,0x00000000ed500000)
 ParOldGen       total 87552K, used 27715K [0x00000000a0000000, 0x00000000a5580000, 0x00000000e0000000)
  object space 87552K, 31% used [0x00000000a0000000,0x00000000a1b10f28,0x00000000a5580000)
 Metaspace       used 57537K, capacity 59120K, committed 59160K, reserved 1099776K
  class space    used 7798K, capacity 8193K, committed 8232K, reserved 1048576K
Event: 8.339 GC heap after
Heap after GC invocations=14 (full 2):
 PSYoungGen      total 199168K, used 1616K [0x00000000e0000000, 0x00000000eed00000, 0x0000000100000000)
  eden space 180224K, 0% used [0x00000000e0000000,0x00000000e0000000,0x00000000eb000000)
  from space 18944K, 8% used [0x00000000ec280000,0x00000000ec414048,0x00000000ed500000)
  to   space 18944K, 0% used [0x00000000eb000000,0x00000000eb000000,0x00000000ec280000)
 ParOldGen       total 87552K, used 33814K [0x00000000a0000000, 0x00000000a5580000, 0x00000000e0000000)
  object space 87552K, 38% used [0x00000000a0000000,0x00000000a2105958,0x00000000a5580000)
 Metaspace       used 57537K, capacity 59120K, committed 59160K, reserved 1099776K
  class space    used 7798K, capacity 8193K, committed 8232K, reserved 1048576K
}
Event: 8.339 GC heap before
{Heap before GC invocations=15 (full 3):
 PSYoungGen      total 199168K, used 1616K [0x00000000e0000000, 0x00000000eed00000, 0x0000000100000000)
  eden space 180224K, 0% used [0x00000000e0000000,0x00000000e0000000,0x00000000eb000000)
  from space 18944K, 8% used [0x00000000ec280000,0x00000000ec414048,0x00000000ed500000)
  to   space 18944K, 0% used [0x00000000eb000000,0x00000000eb000000,0x00000000ec280000)
 ParOldGen       total 87552K, used 33814K [0x00000000a0000000, 0x00000000a5580000, 0x00000000e0000000)
  object space 87552K, 38% used [0x00000000a0000000,0x00000000a2105958,0x00000000a5580000)
 Metaspace       used 57537K, capacity 59120K, committed 59160K, reserved 1099776K
  class space    used 7798K, capacity 8193K, committed 8232K, reserved 1048576K
Event: 8.518 GC heap after
Heap after GC invocations=15 (full 3):
 PSYoungGen      total 199168K, used 0K [0x00000000e0000000, 0x00000000eed00000, 0x0000000100000000)
  eden space 180224K, 0% used [0x00000000e0000000,0x00000000e0000000,0x00000000eb000000)
  from space 18944K, 0% used [0x00000000ec280000,0x00000000ec280000,0x00000000ed500000)
  to   space 18944K, 0% used [0x00000000eb000000,0x00000000eb000000,0x00000000ec280000)
 ParOldGen       total 125440K, used 29297K [0x00000000a0000000, 0x00000000a7a80000, 0x00000000e0000000)
  object space 125440K, 23% used [0x00000000a0000000,0x00000000a1c9c6c0,0x00000000a7a80000)
 Metaspace       used 57537K, capacity 59120K, committed 59160K, reserved 1099776K
  class space    used 7798K, capacity 8193K, committed 8232K, reserved 1048576K
}
Event: 10.136 GC heap before
{Heap before GC invocations=16 (full 3):
 PSYoungGen      total 199168K, used 180224K [0x00000000e0000000, 0x00000000eed00000, 0x0000000100000000)
  eden space 180224K, 100% used [0x00000000e0000000,0x00000000eb000000,0x00000000eb000000)
  from space 18944K, 0% used [0x00000000ec280000,0x00000000ec280000,0x00000000ed500000)
  to   space 18944K, 0% used [0x00000000eb000000,0x00000000eb000000,0x00000000ec280000)
 ParOldGen       total 125440K, used 29297K [0x00000000a0000000, 0x00000000a7a80000, 0x00000000e0000000)
  object space 125440K, 23% used [0x00000000a0000000,0x00000000a1c9c6c0,0x00000000a7a80000)
 Metaspace       used 60016K, capacity 61960K, committed 62104K, reserved 1103872K
  class space    used 8114K, capacity 8545K, committed 8616K, reserved 1048576K
Event: 10.161 GC heap after
Heap after GC invocations=16 (full 3):
 PSYoungGen      total 199168K, used 13831K [0x00000000e0000000, 0x00000000f0380000, 0x0000000100000000)
  eden space 180224K, 0% used [0x00000000e0000000,0x00000000e0000000,0x00000000eb000000)
  from space 18944K, 73% used [0x00000000eb000000,0x00000000ebd81d78,0x00000000ec280000)
  to   space 19968K, 0% used [0x00000000ef000000,0x00000000ef000000,0x00000000f0380000)
 ParOldGen       total 125440K, used 29305K [0x00000000a0000000, 0x00000000a7a80000, 0x00000000e0000000)
  object space 125440K, 23% used [0x00000000a0000000,0x00000000a1c9e6c0,0x00000000a7a80000)
 Metaspace       used 60016K, capacity 61960K, committed 62104K, reserved 1103872K
  class space    used 8114K, capacity 8545K, committed 8616K, reserved 1048576K
}
Event: 11.610 GC heap before
{Heap before GC invocations=17 (full 3):
 PSYoungGen      total 199168K, used 194055K [0x00000000e0000000, 0x00000000f0380000, 0x0000000100000000)
  eden space 180224K, 100% used [0x00000000e0000000,0x00000000eb000000,0x00000000eb000000)
  from space 18944K, 73% used [0x00000000eb000000,0x00000000ebd81d78,0x00000000ec280000)
  to   space 19968K, 0% used [0x00000000ef000000,0x00000000ef000000,0x00000000f0380000)
 ParOldGen       total 125440K, used 29305K [0x00000000a0000000, 0x00000000a7a80000, 0x00000000e0000000)
  object space 125440K, 23% used [0x00000000a0000000,0x00000000a1c9e6c0,0x00000000a7a80000)
 Metaspace       used 64894K, capacity 67146K, committed 67352K, reserved 1107968K
  class space    used 8877K, capacity 9402K, committed 9512K, reserved 1048576K
Event: 11.682 GC heap after
Heap after GC invocations=17 (full 3):
 PSYoungGen      total 226304K, used 19940K [0x00000000e0000000, 0x00000000f2f80000, 0x0000000100000000)
  eden space 206336K, 0% used [0x00000000e0000000,0x00000000e0000000,0x00000000ec980000)
  from space 19968K, 99% used [0x00000000ef000000,0x00000000f0379090,0x00000000f0380000)
  to   space 39424K, 0% used [0x00000000ec980000,0x00000000ec980000,0x00000000ef000000)
 ParOldGen       total 125440K, used 73625K [0x00000000a0000000, 0x00000000a7a80000, 0x00000000e0000000)
  object space 125440K, 58% used [0x00000000a0000000,0x00000000a47e6610,0x00000000a7a80000)
 Metaspace       used 64894K, capacity 67146K, committed 67352K, reserved 1107968K
  class space    used 8877K, capacity 9402K, committed 9512K, reserved 1048576K
}

