# JRE version: OpenJDK Runtime Environment (8.0_202-b03) (build 1.8.0_202-release-1483-b03)
# Java VM: OpenJDK 64-Bit Server VM (25.202-b03 mixed mode windows-amd64 compressed oops)
Heap:
 PSYoungGen      total 393216K, used 355744K [0x00000000e0000000, 0x00000000fdc00000, 0x0000000100000000)
  eden space 342016K, 89% used [0x00000000e0000000,0x00000000f296dc28,0x00000000f4e00000)
  from space 51200K, 99% used [0x00000000f8c80000,0x00000000fbe7a738,0x00000000fbe80000)
  to   space 64000K, 0% used [0x00000000f4e00000,0x00000000f4e00000,0x00000000f8c80000)
 ParOldGen       total 284160K, used 135822K [0x00000000a0000000, 0x00000000b1580000, 0x00000000e0000000)
  object space 284160K, 47% used [0x00000000a0000000,0x00000000a84a38d8,0x00000000b1580000)
 Metaspace       used 95092K, capacity 99436K, committed 99608K, reserved 1136640K
  class space    used 12222K, capacity 13077K, committed 13096K, reserved 1048576K
GC Heap History (10 events):
Event: 211.069 GC heap before
{Heap before GC invocations=24 (full 4):
 PSYoungGen      total 302080K, used 249590K [0x00000000e0000000, 0x00000000f8780000, 0x0000000100000000)
  eden space 238080K, 100% used [0x00000000e0000000,0x00000000ee880000,0x00000000ee880000)
  from space 64000K, 17% used [0x00000000ee880000,0x00000000ef3bd828,0x00000000f2700000)
  to   space 62464K, 0% used [0x00000000f4a80000,0x00000000f4a80000,0x00000000f8780000)
 ParOldGen       total 284160K, used 122370K [0x00000000a0000000, 0x00000000b1580000, 0x00000000e0000000)
  object space 284160K, 43% used [0x00000000a0000000,0x00000000a7780bb8,0x00000000b1580000)
 Metaspace       used 93168K, capacity 97084K, committed 97432K, reserved 1134592K
  class space    used 12132K, capacity 12926K, committed 12968K, reserved 1048576K
Event: 211.096 GC heap after
Heap after GC invocations=24 (full 4):
 PSYoungGen      total 325120K, used 21335K [0x00000000e0000000, 0x00000000f7d80000, 0x0000000100000000)
  eden space 272896K, 0% used [0x00000000e0000000,0x00000000e0000000,0x00000000f0a80000)
  from space 52224K, 40% used [0x00000000f4a80000,0x00000000f5f55e60,0x00000000f7d80000)
  to   space 58880K, 0% used [0x00000000f0a80000,0x00000000f0a80000,0x00000000f4400000)
 ParOldGen       total 284160K, used 122378K [0x00000000a0000000, 0x00000000b1580000, 0x00000000e0000000)
  object space 284160K, 43% used [0x00000000a0000000,0x00000000a7782bb8,0x00000000b1580000)
 Metaspace       used 93168K, capacity 97084K, committed 97432K, reserved 1134592K
  class space    used 12132K, capacity 12926K, committed 12968K, reserved 1048576K
}
Event: 213.548 GC heap before
{Heap before GC invocations=25 (full 4):
 PSYoungGen      total 325120K, used 293986K [0x00000000e0000000, 0x00000000f7d80000, 0x0000000100000000)
  eden space 272896K, 99% used [0x00000000e0000000,0x00000000f0a42a88,0x00000000f0a80000)
  from space 52224K, 40% used [0x00000000f4a80000,0x00000000f5f55e60,0x00000000f7d80000)
  to   space 58880K, 0% used [0x00000000f0a80000,0x00000000f0a80000,0x00000000f4400000)
 ParOldGen       total 284160K, used 122378K [0x00000000a0000000, 0x00000000b1580000, 0x00000000e0000000)
  object space 284160K, 43% used [0x00000000a0000000,0x00000000a7782bb8,0x00000000b1580000)
 Metaspace       used 93596K, capacity 97580K, committed 97688K, reserved 1134592K
  class space    used 12154K, capacity 12965K, committed 12968K, reserved 1048576K
Event: 213.571 GC heap after
Heap after GC invocations=25 (full 4):
 PSYoungGen      total 331776K, used 21457K [0x00000000e0000000, 0x00000000f9c80000, 0x0000000100000000)
  eden space 272896K, 0% used [0x00000000e0000000,0x00000000e0000000,0x00000000f0a80000)
  from space 58880K, 36% used [0x00000000f0a80000,0x00000000f1f746a0,0x00000000f4400000)
  to   space 55296K, 0% used [0x00000000f6680000,0x00000000f6680000,0x00000000f9c80000)
 ParOldGen       total 284160K, used 122386K [0x00000000a0000000, 0x00000000b1580000, 0x00000000e0000000)
  object space 284160K, 43% used [0x00000000a0000000,0x00000000a7784bb8,0x00000000b1580000)
 Metaspace       used 93596K, capacity 97580K, committed 97688K, reserved 1134592K
  class space    used 12154K, capacity 12965K, committed 12968K, reserved 1048576K
}
Event: 215.204 GC heap before
{Heap before GC invocations=26 (full 4):
 PSYoungGen      total 331776K, used 293271K [0x00000000e0000000, 0x00000000f9c80000, 0x0000000100000000)
  eden space 272896K, 99% used [0x00000000e0000000,0x00000000f0971838,0x00000000f0a80000)
  from space 58880K, 36% used [0x00000000f0a80000,0x00000000f1f746a0,0x00000000f4400000)
  to   space 55296K, 0% used [0x00000000f6680000,0x00000000f6680000,0x00000000f9c80000)
 ParOldGen       total 284160K, used 122386K [0x00000000a0000000, 0x00000000b1580000, 0x00000000e0000000)
  object space 284160K, 43% used [0x00000000a0000000,0x00000000a7784bb8,0x00000000b1580000)
 Metaspace       used 93960K, capacity 97912K, committed 98200K, reserved 1134592K
  class space    used 12156K, capacity 12965K, committed 12968K, reserved 1048576K
Event: 215.232 GC heap after
Heap after GC invocations=26 (full 4):
 PSYoungGen      total 368128K, used 19690K [0x00000000e0000000, 0x00000000f9b00000, 0x0000000100000000)
  eden space 314368K, 0% used [0x00000000e0000000,0x00000000e0000000,0x00000000f3300000)
  from space 53760K, 36% used [0x00000000f6680000,0x00000000f79ba8a0,0x00000000f9b00000)
  to   space 52736K, 0% used [0x00000000f3300000,0x00000000f3300000,0x00000000f6680000)
 ParOldGen       total 284160K, used 122394K [0x00000000a0000000, 0x00000000b1580000, 0x00000000e0000000)
  object space 284160K, 43% used [0x00000000a0000000,0x00000000a7786bb8,0x00000000b1580000)
 Metaspace       used 93960K, capacity 97912K, committed 98200K, reserved 1134592K
  class space    used 12156K, capacity 12965K, committed 12968K, reserved 1048576K
}
Event: 427.546 GC heap before
{Heap before GC invocations=27 (full 4):
 PSYoungGen      total 368128K, used 334058K [0x00000000e0000000, 0x00000000f9b00000, 0x0000000100000000)
  eden space 314368K, 100% used [0x00000000e0000000,0x00000000f3300000,0x00000000f3300000)
  from space 53760K, 36% used [0x00000000f6680000,0x00000000f79ba8a0,0x00000000f9b00000)
  to   space 52736K, 0% used [0x00000000f3300000,0x00000000f3300000,0x00000000f6680000)
 ParOldGen       total 284160K, used 122394K [0x00000000a0000000, 0x00000000b1580000, 0x00000000e0000000)
  object space 284160K, 43% used [0x00000000a0000000,0x00000000a7786bb8,0x00000000b1580000)
 Metaspace       used 94495K, capacity 98732K, committed 98840K, reserved 1134592K
  class space    used 12193K, capacity 13025K, committed 13096K, reserved 1048576K
Event: 427.567 GC heap after
Heap after GC invocations=27 (full 4):
 PSYoungGen      total 367104K, used 12965K [0x00000000e0000000, 0x00000000fbe80000, 0x0000000100000000)
  eden space 314368K, 0% used [0x00000000e0000000,0x00000000e0000000,0x00000000f3300000)
  from space 52736K, 24% used [0x00000000f3300000,0x00000000f3fa9708,0x00000000f6680000)
  to   space 51200K, 0% used [0x00000000f8c80000,0x00000000f8c80000,0x00000000fbe80000)
 ParOldGen       total 284160K, used 122402K [0x00000000a0000000, 0x00000000b1580000, 0x00000000e0000000)
  object space 284160K, 43% used [0x00000000a0000000,0x00000000a7788bb8,0x00000000b1580000)
 Metaspace       used 94495K, capacity 98732K, committed 98840K, reserved 1134592K
  class space    used 12193K, capacity 13025K, committed 13096K, reserved 1048576K
}
Event: 431.381 GC heap before
{Heap before GC invocations=28 (full 4):
 PSYoungGen      total 367104K, used 327333K [0x00000000e0000000, 0x00000000fbe80000, 0x0000000100000000)
  eden space 314368K, 100% used [0x00000000e0000000,0x00000000f3300000,0x00000000f3300000)
  from space 52736K, 24% used [0x00000000f3300000,0x00000000f3fa9708,0x00000000f6680000)
  to   space 51200K, 0% used [0x00000000f8c80000,0x00000000f8c80000,0x00000000fbe80000)
 ParOldGen       total 284160K, used 122402K [0x00000000a0000000, 0x00000000b1580000, 0x00000000e0000000)
  object space 284160K, 43% used [0x00000000a0000000,0x00000000a7788bb8,0x00000000b1580000)
 Metaspace       used 94914K, capacity 99204K, committed 99352K, reserved 1136640K
  class space    used 12219K, capacity 13071K, committed 13096K, reserved 1048576K
Event: 431.442 GC heap after
Heap after GC invocations=28 (full 4):
 PSYoungGen      total 393216K, used 51177K [0x00000000e0000000, 0x00000000fdc00000, 0x0000000100000000)
  eden space 342016K, 0% used [0x00000000e0000000,0x00000000e0000000,0x00000000f4e00000)
  from space 51200K, 99% used [0x00000000f8c80000,0x00000000fbe7a738,0x00000000fbe80000)
  to   space 64000K, 0% used [0x00000000f4e00000,0x00000000f4e00000,0x00000000f8c80000)
 ParOldGen       total 284160K, used 135822K [0x00000000a0000000, 0x00000000b1580000, 0x00000000e0000000)
  object space 284160K, 47% used [0x00000000a0000000,0x00000000a84a38d8,0x00000000b1580000)
 Metaspace       used 94914K, capacity 99204K, committed 99352K, reserved 1136640K
  class space    used 12219K, capacity 13071K, committed 13096K, reserved 1048576K
}

